[handleMsg]:  {
  key: {
    remoteJid: '593959142592@s.whatsapp.net',
    fromMe: false,
    id: '3EB06626E971CC3C60841D',
    participant: undefined
  },
  messageTimestamp: 1709925409,
  pushName: 'AB 💤',
  broadcast: false,
  message: Message {
    conversation: 'hola',
    messageContextInfo: MessageContextInfo {
      deviceListMetadata: [DeviceListMetadata],
      deviceListMetadataVersion: 2
    }
  },
  body: 'hola',
  from: '593959142592'
}
[QUEUE_SE_ENVIO]:  {
  ref: 'ans_00642dd2-5256-4018-9c6b-32d88cb50c80',
  keyword: 'key_34097cac-0e88-4699-8a3b-2fc8ca7e7d03',
  answer: '👋 ¡Hola soy Eribot! ¿En qué puedo ayudarte hoy?',
  options: {
    media: null,
    buttons: [],
    capture: false,
    child: null,
    delay: 0,
    idle: null,
    ref: null,
    nested: [],
    keyword: {},
    callback: false
  },
  refSerialize: '204cc298c53861879f263f124930af28'
}
[QUEUE_SE_ENVIO]:  {
  ref: 'ans_eb83b046-9b5a-47f3-aa10-054d89c97064',
  keyword: 'ans_00642dd2-5256-4018-9c6b-32d88cb50c80',
  answer: 'Escribeme *Menu* para ver más opciones\n' +
    'También puedes escribir *Terminar* para finalizar la conversación 🤖',
  options: {
    media: null,
    buttons: [],
    capture: true,
    child: null,
    delay: 0,
    idle: null,
    ref: null,
    nested: [ [Object], [Object], [Object], [Object], [Object], [Object] ],
    keyword: {},
    callback: true
  },
  refSerialize: '3b327b2de6211cbafd3102c261df72c2'
}
[handleMsg]:  {
  key: {
    remoteJid: '593959142592@s.whatsapp.net',
    fromMe: false,
    id: '3EB05F487C72E605EBB251',
    participant: undefined
  },
  messageTimestamp: 1709925531,
  pushName: 'AB 💤',
  broadcast: false,
  message: Message {
    conversation: 'terminar',
    messageContextInfo: MessageContextInfo {
      deviceListMetadata: [DeviceListMetadata],
      deviceListMetadataVersion: 2
    }
  },
  body: 'terminar',
  from: '593959142592'
}
[QUEUE_SE_ENVIO]:  {
  ref: 'ans_9e660eb2-caea-4c55-b51e-a104b32843d8',
  answer: '¡Hasta luego! Gracias por usar Eribot. 🤖',
  keyword: 'key_d46b9cd3-06c4-4d2c-8ca1-7a57d389b40e',
  options: {
    ref: null,
    idle: null,
    child: null,
    delay: 0,
    media: null,
    nested: [],
    buttons: [],
    capture: false,
    keyword: {},
    callback: false
  },
  refSerialize: '3c1d3e4fcb33cab4e94f2e1f2dee9a36'
}
[handleMsg]:  {
  key: {
    remoteJid: '593959142592@s.whatsapp.net',
    fromMe: false,
    id: '3EB0E972FCFF982E046E7E',
    participant: undefined
  },
  messageTimestamp: 1709925607,
  pushName: 'AB 💤',
  broadcast: false,
  message: Message {
    conversation: 'oli',
    messageContextInfo: MessageContextInfo {
      deviceListMetadata: [DeviceListMetadata],
      deviceListMetadataVersion: 2
    }
  },
  body: 'oli',
  from: '593959142592'
}
[QUEUE_SE_ENVIO]:  {
  ref: 'ans_00642dd2-5256-4018-9c6b-32d88cb50c80',
  keyword: 'key_34097cac-0e88-4699-8a3b-2fc8ca7e7d03',
  answer: '👋 ¡Hola soy Eribot! ¿En qué puedo ayudarte hoy?',
  options: {
    media: null,
    buttons: [],
    capture: false,
    child: null,
    delay: 0,
    idle: null,
    ref: null,
    nested: [],
    keyword: {},
    callback: false
  },
  refSerialize: '204cc298c53861879f263f124930af28'
}
[QUEUE_SE_ENVIO]:  {
  ref: 'ans_eb83b046-9b5a-47f3-aa10-054d89c97064',
  keyword: 'ans_00642dd2-5256-4018-9c6b-32d88cb50c80',
  answer: 'Escribeme *Menu* para ver más opciones\n' +
    'También puedes escribir *Terminar* para finalizar la conversación 🤖',
  options: {
    media: null,
    buttons: [],
    capture: true,
    child: null,
    delay: 0,
    idle: null,
    ref: null,
    nested: [ [Object], [Object], [Object], [Object], [Object], [Object] ],
    keyword: {},
    callback: true
  },
  refSerialize: '3b327b2de6211cbafd3102c261df72c2'
}
[handleMsg]:  {
  key: {
    remoteJid: '593959142592@s.whatsapp.net',
    fromMe: false,
    id: '3EB0AA0CBA6153BA552931',
    participant: undefined
  },
  messageTimestamp: 1709925634,
  pushName: 'AB 💤',
  broadcast: false,
  message: Message {
    conversation: 'menu',
    messageContextInfo: MessageContextInfo {
      deviceListMetadata: [DeviceListMetadata],
      deviceListMetadataVersion: 2
    }
  },
  body: 'menu',
  from: '593959142592'
}
[QUEUE_SE_ENVIO]:  {
  ref: 'ans_d9f7ba99-2fe1-4141-b636-2bc40864442a',
  answer: '📋 Soy Eribot y puedo ayudarte con lo siguiente:',
  keyword: 'key_f7a187bd-7989-46a6-b21d-fdc1b13e30fc',
  options: {
    ref: null,
    idle: null,
    child: null,
    delay: 0,
    media: null,
    nested: [],
    buttons: [],
    capture: false,
    keyword: {},
    callback: false
  },
  refSerialize: '67497147a13d0d3e8ef3feaa2128725c'
}
[QUEUE_SE_ENVIO]:  {
  ref: 'ans_2e63efff-bb6b-4572-af6b-464268125cfa',
  answer: '1. 🪪 Problemas de Contraseñas\n' +
    '2. 🛜 Problemas con el Internet\n' +
    '3. 💻 Problemas con el Computador',
  keyword: 'ans_d9f7ba99-2fe1-4141-b636-2bc40864442a',
  options: {
    ref: null,
    idle: null,
    child: null,
    delay: 0,
    media: null,
    nested: [],
    buttons: [],
    capture: false,
    keyword: {},
    callback: false
  },
  refSerialize: '5880fc696dce0f87b2f94e38925ef087'
}
[QUEUE_SE_ENVIO]:  {
  ref: 'ans_d2e85345-93ae-4653-bc77-0a35849af084',
  answer: 'Escribe el número *1*, *2* o *3* según tu necesidad en el chat 👆\n' +
    'También puedes escribir *Terminar* para finalizar la conversación 🤖',
  keyword: 'ans_2e63efff-bb6b-4572-af6b-464268125cfa',
  options: {
    ref: null,
    idle: null,
    child: null,
    delay: 0,
    media: null,
    nested: [
      [Object], [Object],
      [Object], [Object],
      [Object], [Object],
      [Object], [Object],
      [Object], [Object],
      [Object], [Object],
      [Object]
    ],
    buttons: [],
    capture: true,
    keyword: {},
    callback: true
  },
  refSerialize: '4b7f42f2b92f982929c8eae7cc74adca'
}
[handleMsg]:  {
  key: {
    remoteJid: '593959142592@s.whatsapp.net',
    fromMe: false,
    id: '3EB02C30537D77498BB602',
    participant: undefined
  },
  messageTimestamp: 1709925644,
  pushName: 'AB 💤',
  broadcast: false,
  message: Message {
    conversation: '1',
    messageContextInfo: MessageContextInfo {
      deviceListMetadata: [DeviceListMetadata],
      deviceListMetadataVersion: 2
    }
  },
  body: '1',
  from: '593959142592'
}
[QUEUE_SE_ENVIO]:  {
  ref: 'ans_cdcb4252-e9f1-413b-9986-3231b65befe6',
  answer: '¿Cual de estos es tu problema? 🧐 ',
  keyword: 'key_6d7dbf14-f774-4fc6-a24f-af2cd8540348',
  options: {
    ref: null,
    idle: null,
    child: null,
    delay: 0,
    media: null,
    nested: [],
    buttons: [],
    capture: false,
    keyword: {},
    callback: false
  },
  refSerialize: '53bb38a347ddd5351b21643f72a78dcf'
}
[QUEUE_SE_ENVIO]:  {
  ref: 'ans_326e5653-3e20-4fba-92de-2ab2d5dc9291',
  answer: '1. Olvide mi contraseña 🪪\n\n2. Cambiar contraseña 🔑',
  keyword: 'ans_cdcb4252-e9f1-413b-9986-3231b65befe6',
  options: {
    ref: null,
    idle: null,
    child: null,
    delay: 0,
    media: null,
    nested: [],
    buttons: [],
    capture: false,
    keyword: {},
    callback: false
  },
  refSerialize: '110aaac2dadbef9dc2b53108af1da0d1'
}
[QUEUE_SE_ENVIO]:  {
  ref: 'ans_38e3711a-9c9e-4662-aa21-1477d482de88',
  answer: 'Escribe el numero *1* o *2* segun tu necesidad en el chat 👆\n' +
    'También puedes escribir *Terminar* para finalizar la conversación 🤖',
  keyword: 'ans_326e5653-3e20-4fba-92de-2ab2d5dc9291',
  options: {
    ref: null,
    idle: null,
    child: null,
    delay: 0,
    media: null,
    nested: [
      [Object], [Object],
      [Object], [Object],
      [Object], [Object],
      [Object], [Object],
      [Object]
    ],
    buttons: [],
    capture: true,
    keyword: {},
    callback: true
  },
  refSerialize: 'f50e51217d4074c0dc4de3b252604a04'
}
[handleMsg]:  {
  key: {
    remoteJid: '593959142592@s.whatsapp.net',
    fromMe: false,
    id: '3EB02CB00DDBE7B46BDCB9',
    participant: undefined
  },
  messageTimestamp: 1709925652,
  pushName: 'AB 💤',
  broadcast: false,
  message: Message {
    conversation: '1',
    messageContextInfo: MessageContextInfo {
      deviceListMetadata: [DeviceListMetadata],
      deviceListMetadataVersion: 2
    }
  },
  body: '1',
  from: '593959142592'
}
[QUEUE_SE_ENVIO]:  {
  ref: 'ans_d37622e2-e53d-42f6-921f-9c1197d9c732',
  answer: '¡No te preocupes! 🫡 Aquí están los pasos para recuperar tu contraseña:',
  keyword: 'key_aa589619-2dfb-4f7d-bf41-8d79f33a630b',
  options: {
    ref: null,
    idle: null,
    child: null,
    delay: 0,
    media: 'https://i.imgur.com/LQI8cPY.png',
    nested: [],
    buttons: [],
    capture: false,
    keyword: {},
    callback: false
  },
  refSerialize: '0e69027e5a83db07a31f4b3b1eadefd5'
}
[QUEUE_SE_ENVIO]:  {
  ref: 'ans_829e318c-4c32-4654-bb38-f2afaee9d7b2',
  answer: '👇',
  keyword: 'ans_d37622e2-e53d-42f6-921f-9c1197d9c732',
  options: {
    ref: null,
    idle: null,
    child: null,
    delay: 0,
    media: 'https://i.imgur.com/0w0zIs0.png',
    nested: [],
    buttons: [],
    capture: false,
    keyword: {},
    callback: false
  },
  refSerialize: '017d8263b2f44ab79de08c4526e4bf68'
}
[QUEUE_SE_ENVIO]:  {
  ref: 'ans_7528829b-a6ff-49eb-8c23-3e0975d98597',
  answer: '1. Ve a nuestro sitio web: https://bpm.manabi.gob.ec/ \n' +
    "2. haz clic en 'Olvidé mi contraseña' \n" +
    '3. Sigue las instrucciones de la pagina para restablecer tu contraseña\n' +
    '¡Listo! podras recuperar tu contraseña exitosamente.\n' +
    'Puedes escribir *Terminar* para finalizar la conversación 🤖',
  keyword: 'ans_829e318c-4c32-4654-bb38-f2afaee9d7b2',
  options: {
    ref: null,
    idle: null,
    child: null,
    delay: 0,
    media: null,
    nested: [ [Object], [Object] ],
    buttons: [],
    capture: false,
    keyword: {},
    callback: false
  },
  refSerialize: '4f2b58a487589d6fbab5367771531ffe'
}
[handleMsg]:  {
  key: {
    remoteJid: '593995078621@s.whatsapp.net',
    fromMe: false,
    id: 'FBAA1F81BBC74204DB2E7F4A92D20C3D',
    participant: undefined
  },
  messageTimestamp: 1709925710,
  pushName: 'Charli 🍓',
  broadcast: false,
  message: Message {
    conversation: 'Amor XD',
    messageContextInfo: MessageContextInfo {
      deviceListMetadata: [DeviceListMetadata],
      deviceListMetadataVersion: 2
    }
  },
  body: 'Amor XD',
  from: '593995078621'
}
[handleMsg]:  {
  key: {
    remoteJid: '593959142592@s.whatsapp.net',
    fromMe: false,
    id: '3EB0177A09E8322A3778FD',
    participant: undefined
  },
  messageTimestamp: 1709925733,
  pushName: 'AB 💤',
  broadcast: false,
  message: Message {
    conversation: 'terminar',
    messageContextInfo: MessageContextInfo {
      deviceListMetadata: [DeviceListMetadata],
      deviceListMetadataVersion: 2
    }
  },
  body: 'terminar',
  from: '593959142592'
}
[QUEUE_SE_ENVIO]:  {
  ref: 'ans_9e660eb2-caea-4c55-b51e-a104b32843d8',
  answer: '¡Hasta luego! Gracias por usar Eribot. 🤖',
  keyword: 'key_d46b9cd3-06c4-4d2c-8ca1-7a57d389b40e',
  options: {
    ref: null,
    idle: null,
    child: null,
    delay: 0,
    media: null,
    nested: [],
    buttons: [],
    capture: false,
    keyword: {},
    callback: false
  },
  refSerialize: '3c1d3e4fcb33cab4e94f2e1f2dee9a36'
}
[handleMsg]:  {
  key: {
    remoteJid: '593959142592@s.whatsapp.net',
    fromMe: false,
    id: '3EB059F98F9BA1C20D8C02',
    participant: undefined
  },
  messageTimestamp: 1709925737,
  pushName: 'AB 💤',
  broadcast: false,
  message: Message {
    conversation: 'gracias',
    messageContextInfo: MessageContextInfo {
      deviceListMetadata: [DeviceListMetadata],
      deviceListMetadataVersion: 2
    }
  },
  body: 'gracias',
  from: '593959142592'
}
[QUEUE_SE_ENVIO]:  {
  ref: 'ans_d57a5964-b161-4e7a-9bf9-973a0194233a',
  keyword: 'key_dab8cd9e-f92b-4b4d-a4c2-8e325d8eb4dd',
  answer: 'De nada! 👌 Espero haberte ayudado',
  options: {
    media: null,
    buttons: [],
    capture: false,
    child: null,
    delay: 0,
    idle: null,
    ref: null,
    nested: [],
    keyword: {},
    callback: false
  },
  refSerialize: 'a6c7ce100f0e2a2b0f4c413455514916'
}
[handleMsg]:  {
  key: {
    remoteJid: '593959142592@s.whatsapp.net',
    fromMe: false,
    id: '3EB0A080D4747EF94BD8BB',
    participant: undefined
  },
  messageTimestamp: 1709925740,
  pushName: 'AB 💤',
  broadcast: false,
  message: Message {
    conversation: 'hola',
    messageContextInfo: MessageContextInfo {
      deviceListMetadata: [DeviceListMetadata],
      deviceListMetadataVersion: 2
    }
  },
  body: 'hola',
  from: '593959142592'
}
[QUEUE_SE_ENVIO]:  {
  ref: 'ans_00642dd2-5256-4018-9c6b-32d88cb50c80',
  keyword: 'key_34097cac-0e88-4699-8a3b-2fc8ca7e7d03',
  answer: '👋 ¡Hola soy Eribot! ¿En qué puedo ayudarte hoy?',
  options: {
    media: null,
    buttons: [],
    capture: false,
    child: null,
    delay: 0,
    idle: null,
    ref: null,
    nested: [],
    keyword: {},
    callback: false
  },
  refSerialize: '204cc298c53861879f263f124930af28'
}
[QUEUE_SE_ENVIO]:  {
  ref: 'ans_eb83b046-9b5a-47f3-aa10-054d89c97064',
  keyword: 'ans_00642dd2-5256-4018-9c6b-32d88cb50c80',
  answer: 'Escribeme *Menu* para ver más opciones\n' +
    'También puedes escribir *Terminar* para finalizar la conversación 🤖',
  options: {
    media: null,
    buttons: [],
    capture: true,
    child: null,
    delay: 0,
    idle: null,
    ref: null,
    nested: [ [Object], [Object], [Object], [Object], [Object], [Object] ],
    keyword: {},
    callback: true
  },
  refSerialize: '3b327b2de6211cbafd3102c261df72c2'
}
[handleMsg]:  {
  key: {
    remoteJid: '593959142592@s.whatsapp.net',
    fromMe: false,
    id: '3EB00C6562887DB74EF0A6',
    participant: undefined
  },
  messageTimestamp: 1709925742,
  pushName: 'AB 💤',
  broadcast: false,
  message: Message {
    conversation: 'menu',
    messageContextInfo: MessageContextInfo {
      deviceListMetadata: [DeviceListMetadata],
      deviceListMetadataVersion: 2
    }
  },
  body: 'menu',
  from: '593959142592'
}
[QUEUE_SE_ENVIO]:  {
  ref: 'ans_d9f7ba99-2fe1-4141-b636-2bc40864442a',
  answer: '📋 Soy Eribot y puedo ayudarte con lo siguiente:',
  keyword: 'key_f7a187bd-7989-46a6-b21d-fdc1b13e30fc',
  options: {
    ref: null,
    idle: null,
    child: null,
    delay: 0,
    media: null,
    nested: [],
    buttons: [],
    capture: false,
    keyword: {},
    callback: false
  },
  refSerialize: '67497147a13d0d3e8ef3feaa2128725c'
}
[QUEUE_SE_ENVIO]:  {
  ref: 'ans_2e63efff-bb6b-4572-af6b-464268125cfa',
  answer: '1. 🪪 Problemas de Contraseñas\n' +
    '2. 🛜 Problemas con el Internet\n' +
    '3. 💻 Problemas con el Computador',
  keyword: 'ans_d9f7ba99-2fe1-4141-b636-2bc40864442a',
  options: {
    ref: null,
    idle: null,
    child: null,
    delay: 0,
    media: null,
    nested: [],
    buttons: [],
    capture: false,
    keyword: {},
    callback: false
  },
  refSerialize: '5880fc696dce0f87b2f94e38925ef087'
}
[QUEUE_SE_ENVIO]:  {
  ref: 'ans_d2e85345-93ae-4653-bc77-0a35849af084',
  answer: 'Escribe el número *1*, *2* o *3* según tu necesidad en el chat 👆\n' +
    'También puedes escribir *Terminar* para finalizar la conversación 🤖',
  keyword: 'ans_2e63efff-bb6b-4572-af6b-464268125cfa',
  options: {
    ref: null,
    idle: null,
    child: null,
    delay: 0,
    media: null,
    nested: [
      [Object], [Object],
      [Object], [Object],
      [Object], [Object],
      [Object], [Object],
      [Object], [Object],
      [Object], [Object],
      [Object]
    ],
    buttons: [],
    capture: true,
    keyword: {},
    callback: true
  },
  refSerialize: '4b7f42f2b92f982929c8eae7cc74adca'
}
[handleMsg]:  {
  key: {
    remoteJid: '593959142592@s.whatsapp.net',
    fromMe: false,
    id: '3EB0430C12C60C884740F1',
    participant: undefined
  },
  messageTimestamp: 1709925747,
  pushName: 'AB 💤',
  broadcast: false,
  message: Message {
    conversation: '2',
    messageContextInfo: MessageContextInfo {
      deviceListMetadata: [DeviceListMetadata],
      deviceListMetadataVersion: 2
    }
  },
  body: '2',
  from: '593959142592'
}
[QUEUE_SE_ENVIO]:  {
  ref: 'ans_6eaf24c7-dab8-40ef-803d-84d4d309ce6c',
  answer: '¿Cual es tu problema 🧐?',
  keyword: 'key_5478b16c-4e54-45c3-a4c8-69489b9565be',
  options: {
    ref: null,
    idle: null,
    child: null,
    delay: 0,
    media: null,
    nested: [],
    buttons: [],
    capture: false,
    keyword: {},
    callback: false
  },
  refSerialize: '67acf9677cb8d1f19ace064418afede4'
}
[QUEUE_SE_ENVIO]:  {
  ref: 'ans_7f9e8755-17f8-4436-a145-e8f12170bf15',
  answer: '1. NO tienes acceso a UNA pagina en especifico: \n' +
    '2. NO tienes acceso a NINGUNA pagina: \n' +
    '\n' +
    'Escribe el numero *1* o *2* segun tu necesidad en el chat 👆\n' +
    'También puedes escribir *Terminar* para finalizar la conversación 🤖',
  keyword: 'ans_6eaf24c7-dab8-40ef-803d-84d4d309ce6c',
  options: {
    ref: null,
    idle: null,
    child: null,
    delay: 0,
    media: null,
    nested: [
      [Object], [Object],
      [Object], [Object],
      [Object], [Object],
      [Object], [Object],
      [Object], [Object],
      [Object]
    ],
    buttons: [],
    capture: true,
    keyword: {},
    callback: true
  },
  refSerialize: '8d72504ce6303287e81da24da6a6f855'
}
[handleMsg]:  {
  key: {
    remoteJid: '593959142592@s.whatsapp.net',
    fromMe: false,
    id: '3EB0E88E10A7F0BA3B92A2',
    participant: undefined
  },
  messageTimestamp: 1709925766,
  pushName: 'AB 💤',
  broadcast: false,
  message: Message {
    conversation: '1',
    messageContextInfo: MessageContextInfo {
      deviceListMetadata: [DeviceListMetadata],
      deviceListMetadataVersion: 2
    }
  },
  body: '1',
  from: '593959142592'
}
[QUEUE_SE_ENVIO]:  {
  ref: 'ans_adcf1e9b-06f2-4730-b37c-db111b9c1a5a',
  answer: 'Posible Solucion: ',
  keyword: 'key_ca6fab06-7d16-4dbe-bca8-b376c95b7d7e',
  options: {
    ref: null,
    idle: null,
    child: null,
    delay: 0,
    media: null,
    nested: [],
    buttons: [],
    capture: false,
    keyword: {},
    callback: false
  },
  refSerialize: 'f1e39bd2203ea853c6935fdd7cb72930'
}
[QUEUE_SE_ENVIO]:  {
  ref: 'ans_f9a2858e-89cc-4ab9-8c00-22385ffa1d5e',
  answer: '1. Usa los datos moviles tuyos o de algun compañero\n' +
    '\n' +
    '2. Ingresa a la pagina desde el celular *con los datos moviles*\n' +
    '\n' +
    '3. Si la pagina no te carga, lo mas probable es que sea un problema en especifico de esa pagina que no depende de nuestro proveedor de internet. 😓',
  keyword: 'ans_adcf1e9b-06f2-4730-b37c-db111b9c1a5a',
  options: {
    ref: null,
    idle: null,
    child: null,
    delay: 0,
    media: null,
    nested: [],
    buttons: [],
    capture: false,
    keyword: {},
    callback: false
  },
  refSerialize: '340a0a893ca7833888f961d7ea29648e'
}
[QUEUE_SE_ENVIO]:  {
  ref: 'ans_2c9fadc2-f4ec-4b1f-818a-5194f3c0288c',
  answer: 'En caso de que la pagina si te cargue desde tu celular con datos moviles escribe *Ticket* para que un asesor profesional te ayude a resolver tu problema. ✅',
  keyword: 'ans_f9a2858e-89cc-4ab9-8c00-22385ffa1d5e',
  options: {
    ref: null,
    idle: null,
    child: null,
    delay: 0,
    media: null,
    nested: [],
    buttons: [],
    capture: false,
    keyword: {},
    callback: false
  },
  refSerialize: 'd016e34f88d0c8b511bb357a8cfc4070'
}
[QUEUE_SE_ENVIO]:  {
  ref: 'ans_737859bf-e581-4b93-b552-5c0d3d7f2f77',
  answer: 'Puedes escribir *Terminar* para finalizar la conversación 🤖',
  keyword: 'ans_2c9fadc2-f4ec-4b1f-818a-5194f3c0288c',
  options: {
    ref: null,
    idle: null,
    child: null,
    delay: 0,
    media: null,
    nested: [ [Object], [Object], [Object], [Object], [Object] ],
    buttons: [],
    capture: false,
    keyword: {},
    callback: false
  },
  refSerialize: '7809202e1bdfd4364358cdf07cef1cf2'
}
[handleMsg]:  {
  key: {
    remoteJid: '593959142592@s.whatsapp.net',
    fromMe: false,
    id: '3EB0C757AC30A410F72FDD',
    participant: undefined
  },
  messageTimestamp: 1709925794,
  pushName: 'AB 💤',
  broadcast: false,
  message: Message {
    conversation: 'ticket',
    messageContextInfo: MessageContextInfo {
      deviceListMetadata: [DeviceListMetadata],
      deviceListMetadataVersion: 2
    }
  },
  body: 'ticket',
  from: '593959142592'
}
[QUEUE_SE_ENVIO]:  {
  ref: 'ans_3a954124-87b5-4b2d-bd8b-f4debf546e07',
  answer: 'Buenas pronto un asesor personalizado se pondra en contacto contigo... 🫡',
  keyword: 'key_ed44237f-2482-47b1-835e-9cb2101a96e1',
  options: {
    ref: null,
    idle: null,
    child: null,
    delay: 0,
    media: null,
    nested: [],
    buttons: [],
    capture: false,
    keyword: {},
    callback: false
  },
  refSerialize: '71a5da610c609c96bda14cf1165da6ae'
}
[QUEUE_SE_ENVIO]:  {
  ref: 'ans_f6366970-3bc1-46bc-87b3-e4a94a602ec5',
  answer: 'Funcion aun no disponible... 🤖',
  keyword: 'ans_3a954124-87b5-4b2d-bd8b-f4debf546e07',
  options: {
    ref: null,
    idle: null,
    child: null,
    delay: 0,
    media: null,
    nested: [],
    buttons: [],
    capture: false,
    keyword: {},
    callback: false
  },
  refSerialize: '358ddab9020cd55274b4f610a4417cab'
}
[handleMsg]:  {
  key: {
    remoteJid: '593959142592@s.whatsapp.net',
    fromMe: false,
    id: '3EB072E5B1E01D24A116AB',
    participant: undefined
  },
  messageTimestamp: 1709925904,
  pushName: 'AB 💤',
  broadcast: false,
  message: Message {
    conversation: 'hola',
    messageContextInfo: MessageContextInfo {
      deviceListMetadata: [DeviceListMetadata],
      deviceListMetadataVersion: 2
    }
  },
  body: 'hola',
  from: '593959142592'
}
[QUEUE_SE_ENVIO]:  {
  ref: 'ans_00642dd2-5256-4018-9c6b-32d88cb50c80',
  keyword: 'key_34097cac-0e88-4699-8a3b-2fc8ca7e7d03',
  answer: '👋 ¡Hola soy Eribot! ¿En qué puedo ayudarte hoy?',
  options: {
    media: null,
    buttons: [],
    capture: false,
    child: null,
    delay: 0,
    idle: null,
    ref: null,
    nested: [],
    keyword: {},
    callback: false
  },
  refSerialize: '204cc298c53861879f263f124930af28'
}
[QUEUE_SE_ENVIO]:  {
  ref: 'ans_eb83b046-9b5a-47f3-aa10-054d89c97064',
  keyword: 'ans_00642dd2-5256-4018-9c6b-32d88cb50c80',
  answer: 'Escribeme *Menu* para ver más opciones\n' +
    'También puedes escribir *Terminar* para finalizar la conversación 🤖',
  options: {
    media: null,
    buttons: [],
    capture: true,
    child: null,
    delay: 0,
    idle: null,
    ref: null,
    nested: [ [Object], [Object], [Object], [Object], [Object], [Object] ],
    keyword: {},
    callback: true
  },
  refSerialize: '3b327b2de6211cbafd3102c261df72c2'
}
[handleMsg]:  {
  key: {
    remoteJid: '593959142592@s.whatsapp.net',
    fromMe: false,
    id: '3EB06CDAE48A8B70C7CFE3',
    participant: undefined
  },
  messageTimestamp: 1709925911,
  pushName: 'AB 💤',
  broadcast: false,
  message: Message {
    conversation: 'menu',
    messageContextInfo: MessageContextInfo {
      deviceListMetadata: [DeviceListMetadata],
      deviceListMetadataVersion: 2
    }
  },
  body: 'menu',
  from: '593959142592'
}
[QUEUE_SE_ENVIO]:  {
  ref: 'ans_d9f7ba99-2fe1-4141-b636-2bc40864442a',
  answer: '📋 Soy Eribot y puedo ayudarte con lo siguiente:',
  keyword: 'key_f7a187bd-7989-46a6-b21d-fdc1b13e30fc',
  options: {
    ref: null,
    idle: null,
    child: null,
    delay: 0,
    media: null,
    nested: [],
    buttons: [],
    capture: false,
    keyword: {},
    callback: false
  },
  refSerialize: '67497147a13d0d3e8ef3feaa2128725c'
}
[QUEUE_SE_ENVIO]:  {
  ref: 'ans_2e63efff-bb6b-4572-af6b-464268125cfa',
  answer: '1. 🪪 Problemas de Contraseñas\n' +
    '2. 🛜 Problemas con el Internet\n' +
    '3. 💻 Problemas con el Computador',
  keyword: 'ans_d9f7ba99-2fe1-4141-b636-2bc40864442a',
  options: {
    ref: null,
    idle: null,
    child: null,
    delay: 0,
    media: null,
    nested: [],
    buttons: [],
    capture: false,
    keyword: {},
    callback: false
  },
  refSerialize: '5880fc696dce0f87b2f94e38925ef087'
}
[QUEUE_SE_ENVIO]:  {
  ref: 'ans_d2e85345-93ae-4653-bc77-0a35849af084',
  answer: 'Escribe el número *1*, *2* o *3* según tu necesidad en el chat 👆\n' +
    'También puedes escribir *Terminar* para finalizar la conversación 🤖',
  keyword: 'ans_2e63efff-bb6b-4572-af6b-464268125cfa',
  options: {
    ref: null,
    idle: null,
    child: null,
    delay: 0,
    media: null,
    nested: [
      [Object], [Object],
      [Object], [Object],
      [Object], [Object],
      [Object], [Object],
      [Object], [Object],
      [Object], [Object],
      [Object]
    ],
    buttons: [],
    capture: true,
    keyword: {},
    callback: true
  },
  refSerialize: '4b7f42f2b92f982929c8eae7cc74adca'
}
[handleMsg]:  {
  key: {
    remoteJid: '593959142592@s.whatsapp.net',
    fromMe: false,
    id: '3EB0D2D227EB26A3914432',
    participant: undefined
  },
  messageTimestamp: 1709925914,
  pushName: 'AB 💤',
  broadcast: false,
  message: Message {
    conversation: '3',
    messageContextInfo: MessageContextInfo {
      deviceListMetadata: [DeviceListMetadata],
      deviceListMetadataVersion: 2
    }
  },
  body: '3',
  from: '593959142592'
}
[QUEUE_SE_ENVIO]:  {
  ref: 'ans_0961d332-e7b1-48dd-9d52-72d6e2a8c881',
  answer: '¿Cual es tu problema? ',
  keyword: 'key_c438a978-25be-4b3b-a0a2-d23b7b05c03a',
  options: {
    ref: null,
    idle: null,
    child: null,
    delay: 0,
    media: null,
    nested: [],
    buttons: [],
    capture: false,
    keyword: {},
    callback: false
  },
  refSerialize: '4dbfe9c18a926842d8f75f03a4d98ede'
}
[QUEUE_SE_ENVIO]:  {
  ref: 'ans_d341a4dc-cab6-4d0f-a1df-ee0aa8d9a0f1',
  answer: '1. La computadora/laptop no enciende 💻\n' +
    '\n' +
    '2. La computadora/laptop está demasiado lenta. 🐌\n' +
    '\n' +
    '3. Pantalla congelada o sin respuesta. 🥶\n' +
    '\n' +
    '4. No puedo imprimir. 🖨️\n' +
    '\n' +
    '5. Mi pantalla está en negro. ⬛\n' +
    '\n' +
    '6. Olvidé mi contraseña de inicio de sesión. 👨‍💻 ',
  keyword: 'ans_0961d332-e7b1-48dd-9d52-72d6e2a8c881',
  options: {
    ref: null,
    idle: null,
    child: null,
    delay: 0,
    media: null,
    nested: [],
    buttons: [],
    capture: false,
    keyword: {},
    callback: false
  },
  refSerialize: 'e5d131d55b9ca2ea66c7c72e948e14f0'
}
[QUEUE_SE_ENVIO]:  {
  ref: 'ans_61ad5b38-8fe3-4584-8947-750d2f937c31',
  answer: 'Escribe el número *1*, *2*, *3*, *4*, *5* o *6* según tu necesidad en el chat 👆\n' +
    'También puedes escribir *Terminar* para finalizar la conversación 🤖',
  keyword: 'ans_d341a4dc-cab6-4d0f-a1df-ee0aa8d9a0f1',
  options: {
    ref: null,
    idle: null,
    child: null,
    delay: 0,
    media: null,
    nested: [
      [Object], [Object], [Object], [Object],
      [Object], [Object], [Object], [Object],
      [Object], [Object], [Object], [Object],
      [Object], [Object], [Object], [Object],
      [Object], [Object], [Object], [Object],
      [Object], [Object], [Object], [Object],
      [Object], [Object], [Object], [Object],
      [Object], [Object], [Object], [Object],
      [Object], [Object], [Object], [Object],
      [Object]
    ],
    buttons: [],
    capture: true,
    keyword: {},
    callback: true
  },
  refSerialize: '03e33dc872421e05ab27095d57ab7f8f'
}
[handleMsg]:  {
  key: {
    remoteJid: '593995078621@s.whatsapp.net',
    fromMe: false,
    id: 'E438B4DDEBBEEAC585254373CB01E081',
    participant: undefined
  },
  messageTimestamp: 1709926200,
  pushName: 'Charli 🍓',
  broadcast: false,
  message: Message {
    imageMessage: ImageMessage {
      interactiveAnnotations: [],
      scanLengths: [Array],
      url: 'https://mmg.whatsapp.net/v/t62.7118-24/34867945_2323062331221815_136903338602863211_n.enc?ccb=11-4&oh=01_AdSa7VlTsPEkkzpCzBuvyRoF1u2XyLl5gDNNW62mdL3KRw&oe=6612CB27&_nc_sid=5e03e0&mms3=true',
      mimetype: 'image/jpeg',
      caption: 'Comooo????',
      fileSha256: [Uint8Array],
      fileLength: [Long],
      height: 899,
      width: 1599,
      mediaKey: [Uint8Array],
      fileEncSha256: [Uint8Array],
      directPath: '/v/t62.7118-24/34867945_2323062331221815_136903338602863211_n.enc?ccb=11-4&oh=01_AdSa7VlTsPEkkzpCzBuvyRoF1u2XyLl5gDNNW62mdL3KRw&oe=6612CB27&_nc_sid=5e03e0',
      mediaKeyTimestamp: [Long],
      jpegThumbnail: [Uint8Array],
      scansSidecar: [Uint8Array],
      midQualityFileSha256: [Uint8Array]
    },
    messageContextInfo: MessageContextInfo {
      deviceListMetadata: [DeviceListMetadata],
      deviceListMetadataVersion: 2
    }
  },
  body: '_event_media__1d917c8e-645d-4a54-9eec-66e6323f904b',
  from: '593995078621'
}
[handleMsg]:  {
  key: {
    remoteJid: '593995078621@s.whatsapp.net',
    fromMe: false,
    id: '99C0ACFE87B81E9A007D8005D0702980',
    participant: undefined
  },
  messageTimestamp: 1709926656,
  pushName: 'Charli 🍓',
  broadcast: false,
  message: Message {
    conversation: 'Son gomitaAaAsSz',
    messageContextInfo: MessageContextInfo {
      deviceListMetadata: [DeviceListMetadata],
      deviceListMetadataVersion: 2
    }
  },
  body: 'Son gomitaAaAsSz',
  from: '593995078621'
}
