593959142592:ENCOLADO ans_f08553da-48cf-4a03-a043-ebd9dfe99658
EJECUTANDO:ans_f08553da-48cf-4a03-a043-ebd9dfe99658
593959142592:SUCCESS
593959142592:ENCOLADO ans_6c4d2c7f-947d-4028-a822-13ba5c52c5c0
EJECUTANDO:ans_6c4d2c7f-947d-4028-a822-13ba5c52c5c0
593959142592:SUCCESS
593959142592:ENCOLADO ans_04732dff-7033-4c0d-86a3-abcf57710032
EJECUTANDO:ans_04732dff-7033-4c0d-86a3-abcf57710032
593959142592:SUCCESS
593959142592:ENCOLADO ans_8f55288a-7e46-454b-a785-ed6ec2960d56
EJECUTANDO:ans_8f55288a-7e46-454b-a785-ed6ec2960d56
593959142592:SUCCESS
593959142592:ENCOLADO ans_0b6052d2-33b5-4dce-8a23-97a8ea3e8fcc
EJECUTANDO:ans_0b6052d2-33b5-4dce-8a23-97a8ea3e8fcc
593959142592:SUCCESS
593959142592:ENCOLADO ans_243d3786-3272-4d8f-b153-d65f8badf29e
EJECUTANDO:ans_243d3786-3272-4d8f-b153-d65f8badf29e
593959142592:SUCCESS
593959142592:ENCOLADO ans_28f5224b-42d4-4b2d-8878-70b9efa89e5d
EJECUTANDO:ans_28f5224b-42d4-4b2d-8878-70b9efa89e5d
593959142592:SUCCESS
593959142592:ENCOLADO ans_ee46ffe0-030b-4035-bb82-f622f02b235e
EJECUTANDO:ans_ee46ffe0-030b-4035-bb82-f622f02b235e
593959142592:SUCCESS
593959142592:ENCOLADO ans_3845a426-aafb-4d85-b0f7-f9b6d102c44c
EJECUTANDO:ans_3845a426-aafb-4d85-b0f7-f9b6d102c44c
593959142592:SUCCESS
593959142592:ENCOLADO ans_70812d5b-6119-4b09-bb72-bb0b505ec7ad
EJECUTANDO:ans_70812d5b-6119-4b09-bb72-bb0b505ec7ad
593959142592:SUCCESS
593959142592:ENCOLADO ans_adac697a-6811-4fdb-be4a-4e0eeb1d0df1
EJECUTANDO:ans_adac697a-6811-4fdb-be4a-4e0eeb1d0df1
593959142592:SUCCESS
593959142592:ENCOLADO ans_93dc1a28-62e9-4f45-b9ee-d566435ed115
EJECUTANDO:ans_93dc1a28-62e9-4f45-b9ee-d566435ed115
593959142592:SUCCESS
593959142592:ENCOLADO ans_77a9421e-b0a9-4f84-88f4-635e5651bcbb
EJECUTANDO:ans_77a9421e-b0a9-4f84-88f4-635e5651bcbb
593959142592:SUCCESS
593959142592:ENCOLADO ans_75f700af-335c-4d77-b11d-19815cbe4111
EJECUTANDO:ans_75f700af-335c-4d77-b11d-19815cbe4111
593959142592:SUCCESS
593959142592:ENCOLADO ans_d0c2914c-4f8f-4775-94c0-db312bd34328
EJECUTANDO:ans_d0c2914c-4f8f-4775-94c0-db312bd34328
593959142592:SUCCESS
593959142592:ENCOLADO ans_c0da2577-e81f-4d3f-aba8-66a24a37e6e7
EJECUTANDO:ans_c0da2577-e81f-4d3f-aba8-66a24a37e6e7
593959142592:SUCCESS
593959142592:ENCOLADO ans_f08553da-48cf-4a03-a043-ebd9dfe99658
EJECUTANDO:ans_f08553da-48cf-4a03-a043-ebd9dfe99658
593959142592:SUCCESS
593959142592:ENCOLADO ans_6c4d2c7f-947d-4028-a822-13ba5c52c5c0
EJECUTANDO:ans_6c4d2c7f-947d-4028-a822-13ba5c52c5c0
593959142592:SUCCESS
593959142592:ENCOLADO ans_04732dff-7033-4c0d-86a3-abcf57710032
EJECUTANDO:ans_04732dff-7033-4c0d-86a3-abcf57710032
593959142592:SUCCESS
593959142592:ENCOLADO ans_8f55288a-7e46-454b-a785-ed6ec2960d56
EJECUTANDO:ans_8f55288a-7e46-454b-a785-ed6ec2960d56
593959142592:SUCCESS
593959142592:ENCOLADO ans_0b6052d2-33b5-4dce-8a23-97a8ea3e8fcc
EJECUTANDO:ans_0b6052d2-33b5-4dce-8a23-97a8ea3e8fcc
593959142592:SUCCESS
593959142592:ENCOLADO ans_243d3786-3272-4d8f-b153-d65f8badf29e
EJECUTANDO:ans_243d3786-3272-4d8f-b153-d65f8badf29e
593959142592:SUCCESS
593959142592:ENCOLADO ans_28f5224b-42d4-4b2d-8878-70b9efa89e5d
EJECUTANDO:ans_28f5224b-42d4-4b2d-8878-70b9efa89e5d
593959142592:SUCCESS
593959142592:ENCOLADO ans_ee46ffe0-030b-4035-bb82-f622f02b235e
EJECUTANDO:ans_ee46ffe0-030b-4035-bb82-f622f02b235e
593959142592:SUCCESS
593959142592:ENCOLADO ans_3845a426-aafb-4d85-b0f7-f9b6d102c44c
EJECUTANDO:ans_3845a426-aafb-4d85-b0f7-f9b6d102c44c
593959142592:SUCCESS
593959142592:ENCOLADO ans_88ba3cc8-df01-49ce-9b82-c0ab651e9112
EJECUTANDO:ans_88ba3cc8-df01-49ce-9b82-c0ab651e9112
593959142592:SUCCESS
593959142592:ENCOLADO ans_ddc7d2c8-a192-40c8-ab0b-4b0538b08774
EJECUTANDO:ans_ddc7d2c8-a192-40c8-ab0b-4b0538b08774
593959142592:SUCCESS
593959142592:ENCOLADO ans_44ee94e3-bbdb-4203-8bcb-dd9838d187da
EJECUTANDO:ans_44ee94e3-bbdb-4203-8bcb-dd9838d187da
593959142592:SUCCESS
593959142592:ENCOLADO ans_c320c43a-e111-4c3b-b7f6-e3729022c725
EJECUTANDO:ans_c320c43a-e111-4c3b-b7f6-e3729022c725
593959142592:SUCCESS
593959142592:ENCOLADO ans_bca17a66-6386-477b-be8f-6efae49241be
EJECUTANDO:ans_bca17a66-6386-477b-be8f-6efae49241be
593959142592:SUCCESS
593959142592:ENCOLADO ans_75f700af-335c-4d77-b11d-19815cbe4111
EJECUTANDO:ans_75f700af-335c-4d77-b11d-19815cbe4111
593959142592:SUCCESS
593959142592:ENCOLADO ans_d0c2914c-4f8f-4775-94c0-db312bd34328
EJECUTANDO:ans_d0c2914c-4f8f-4775-94c0-db312bd34328
593959142592:SUCCESS
593959142592:ENCOLADO ans_f08553da-48cf-4a03-a043-ebd9dfe99658
EJECUTANDO:ans_f08553da-48cf-4a03-a043-ebd9dfe99658
593959142592:SUCCESS
593959142592:ENCOLADO ans_6c4d2c7f-947d-4028-a822-13ba5c52c5c0
EJECUTANDO:ans_6c4d2c7f-947d-4028-a822-13ba5c52c5c0
593959142592:SUCCESS
593959142592:ENCOLADO ans_04732dff-7033-4c0d-86a3-abcf57710032
EJECUTANDO:ans_04732dff-7033-4c0d-86a3-abcf57710032
593959142592:SUCCESS
593959142592:ENCOLADO ans_8f55288a-7e46-454b-a785-ed6ec2960d56
EJECUTANDO:ans_8f55288a-7e46-454b-a785-ed6ec2960d56
593959142592:SUCCESS
593959142592:ENCOLADO ans_0b6052d2-33b5-4dce-8a23-97a8ea3e8fcc
EJECUTANDO:ans_0b6052d2-33b5-4dce-8a23-97a8ea3e8fcc
593959142592:SUCCESS
593959142592:ENCOLADO ans_243d3786-3272-4d8f-b153-d65f8badf29e
EJECUTANDO:ans_243d3786-3272-4d8f-b153-d65f8badf29e
593959142592:SUCCESS
593959142592:ENCOLADO ans_28f5224b-42d4-4b2d-8878-70b9efa89e5d
EJECUTANDO:ans_28f5224b-42d4-4b2d-8878-70b9efa89e5d
593959142592:SUCCESS
593959142592:ENCOLADO ans_ee46ffe0-030b-4035-bb82-f622f02b235e
EJECUTANDO:ans_ee46ffe0-030b-4035-bb82-f622f02b235e
593959142592:SUCCESS
593959142592:ENCOLADO ans_3845a426-aafb-4d85-b0f7-f9b6d102c44c
EJECUTANDO:ans_3845a426-aafb-4d85-b0f7-f9b6d102c44c
593959142592:SUCCESS
593959142592:ENCOLADO ans_70812d5b-6119-4b09-bb72-bb0b505ec7ad
EJECUTANDO:ans_70812d5b-6119-4b09-bb72-bb0b505ec7ad
593959142592:SUCCESS
593959142592:ENCOLADO ans_adac697a-6811-4fdb-be4a-4e0eeb1d0df1
EJECUTANDO:ans_adac697a-6811-4fdb-be4a-4e0eeb1d0df1
593959142592:SUCCESS
593959142592:ENCOLADO ans_93dc1a28-62e9-4f45-b9ee-d566435ed115
EJECUTANDO:ans_93dc1a28-62e9-4f45-b9ee-d566435ed115
593959142592:SUCCESS
593959142592:ENCOLADO ans_77a9421e-b0a9-4f84-88f4-635e5651bcbb
EJECUTANDO:ans_77a9421e-b0a9-4f84-88f4-635e5651bcbb
593959142592:SUCCESS
